2020-10-28  21:04:01 [INFO ] org.game.App >> 55 >> Starting App on Zhou with PID 12212 (D:\work\project\ddyx\target\classes started by Administrator in D:\work\project\ddyx)
2020-10-28  21:04:01 [INFO ] org.game.App >> 651 >> No active profile set, falling back to default profiles: default
2020-10-28  21:04:01 [INFO ] o.s.d.r.c.RepositoryConfigurationDelegate >> 127 >> Bootstrapping Spring Data JPA repositories in DEFAULT mode.
2020-10-28  21:04:01 [INFO ] o.s.d.r.c.RepositoryConfigurationDelegate >> 187 >> Finished Spring Data repository scanning in 65ms. Found 13 JPA repository interfaces.
2020-10-28  21:04:02 [INFO ] o.s.b.w.e.t.TomcatWebServer >> 92 >> Tomcat initialized with port(s): 8080 (http)
2020-10-28  21:04:02 [INFO ] o.a.c.http11.Http11NioProtocol >> 173 >> Initializing ProtocolHandler ["http-nio-8080"]
2020-10-28  21:04:02 [INFO ] o.a.c.core.StandardService >> 173 >> Starting service [Tomcat]
2020-10-28  21:04:02 [INFO ] o.a.c.core.StandardEngine >> 173 >> Starting Servlet engine: [Apache Tomcat/9.0.31]
2020-10-28  21:04:02 [INFO ] o.a.c.c.C.[.[localhost].[/] >> 173 >> Initializing Spring embedded WebApplicationContext
2020-10-28  21:04:02 [INFO ] o.s.web.context.ContextLoader >> 284 >> Root WebApplicationContext: initialization completed in 1010 ms
2020-10-28  21:04:02 [INFO ] o.h.j.internal.util.LogHelper >> 31 >> HHH000204: Processing PersistenceUnitInfo [name: default]
2020-10-28  21:04:02 [INFO ] org.hibernate.Version >> 44 >> HHH000412: Hibernate ORM core version 5.4.12.Final
2020-10-28  21:04:02 [INFO ] o.h.annotations.common.Version >> 49 >> HCANN000001: Hibernate Commons Annotations {5.1.0.Final}
2020-10-28  21:04:02 [INFO ] c.z.hikari.HikariDataSource >> 110 >> HikariPool-1 - Starting...
2020-10-28  21:04:02 [INFO ] c.z.hikari.HikariDataSource >> 123 >> HikariPool-1 - Start completed.
2020-10-28  21:04:02 [INFO ] org.hibernate.dialect.Dialect >> 172 >> HHH000400: Using dialect: org.hibernate.dialect.MySQL5InnoDBDialect
2020-10-28  21:04:03 [INFO ] o.h.e.t.j.p.i.JtaPlatformInitiator >> 52 >> HHH000490: Using JtaPlatform implementation: [org.hibernate.engine.transaction.jta.platform.internal.NoJtaPlatform]
2020-10-28  21:04:03 [INFO ] o.s.o.j.LocalContainerEntityManagerFactoryBean >> 416 >> Initialized JPA EntityManagerFactory for persistence unit 'default'
2020-10-28  21:04:04 [WARN ] o.s.b.a.o.j.JpaBaseConfiguration$JpaWebConfiguration >> 220 >> spring.jpa.open-in-view is enabled by default. Therefore, database queries may be performed during view rendering. Explicitly configure spring.jpa.open-in-view to disable this warning
2020-10-28  21:04:04 [INFO ] s.d.s.w.PropertySourcedRequestMappingHandlerMapping >> 69 >> Mapped URL path [/v2/api-docs] onto method [springfox.documentation.swagger2.web.Swagger2Controller#getDocumentation(String, HttpServletRequest)]
2020-10-28  21:04:04 [INFO ] o.s.s.c.ThreadPoolTaskExecutor >> 181 >> Initializing ExecutorService 'applicationTaskExecutor'
2020-10-28  21:04:04 [INFO ] o.s.s.c.ThreadPoolTaskScheduler >> 181 >> Initializing ExecutorService 'taskScheduler'
2020-10-28  21:04:04 [INFO ] s.d.s.w.p.DocumentationPluginsBootstrapper >> 147 >> Context refreshed
2020-10-28  21:04:04 [INFO ] s.d.s.w.p.DocumentationPluginsBootstrapper >> 150 >> Found 1 custom documentation plugin(s)
2020-10-28  21:04:04 [INFO ] s.d.s.w.s.ApiListingReferenceScanner >> 41 >> Scanning for api listing references
2020-10-28  21:04:04 [INFO ] s.d.s.w.r.o.CachingOperationNameGenerator >> 40 >> Generating unique operation named: findAllUsingGET_1
2020-10-28  21:04:04 [INFO ] o.a.c.http11.Http11NioProtocol >> 173 >> Starting ProtocolHandler ["http-nio-8080"]
2020-10-28  21:04:04 [INFO ] o.s.b.w.e.t.TomcatWebServer >> 204 >> Tomcat started on port(s): 8080 (http) with context path ''
2020-10-28  21:04:04 [INFO ] org.game.App >> 61 >> Started App in 3.619 seconds (JVM running for 4.068)
2020-10-28  21:04:04 [ERROR] o.g.scheduleds.GameScheduled >> 43 >> STARTING! NEW GAME!
2020-10-28  21:04:30 [INFO ] org.game.App >> 55 >> Starting App on Zhou with PID 11868 (D:\work\project\ddyx\target\classes started by Administrator in D:\work\project\ddyx)
2020-10-28  21:04:30 [INFO ] org.game.App >> 651 >> No active profile set, falling back to default profiles: default
2020-10-28  21:04:31 [INFO ] o.s.d.r.c.RepositoryConfigurationDelegate >> 127 >> Bootstrapping Spring Data JPA repositories in DEFAULT mode.
2020-10-28  21:04:31 [INFO ] o.s.d.r.c.RepositoryConfigurationDelegate >> 187 >> Finished Spring Data repository scanning in 70ms. Found 13 JPA repository interfaces.
2020-10-28  21:04:31 [INFO ] o.s.b.w.e.t.TomcatWebServer >> 92 >> Tomcat initialized with port(s): 8080 (http)
2020-10-28  21:04:31 [INFO ] o.a.c.http11.Http11NioProtocol >> 173 >> Initializing ProtocolHandler ["http-nio-8080"]
2020-10-28  21:04:31 [INFO ] o.a.c.core.StandardService >> 173 >> Starting service [Tomcat]
2020-10-28  21:04:31 [INFO ] o.a.c.core.StandardEngine >> 173 >> Starting Servlet engine: [Apache Tomcat/9.0.31]
2020-10-28  21:04:31 [INFO ] o.a.c.c.C.[.[localhost].[/] >> 173 >> Initializing Spring embedded WebApplicationContext
2020-10-28  21:04:31 [INFO ] o.s.web.context.ContextLoader >> 284 >> Root WebApplicationContext: initialization completed in 1063 ms
2020-10-28  21:04:31 [INFO ] o.h.j.internal.util.LogHelper >> 31 >> HHH000204: Processing PersistenceUnitInfo [name: default]
2020-10-28  21:04:31 [INFO ] org.hibernate.Version >> 44 >> HHH000412: Hibernate ORM core version 5.4.12.Final
2020-10-28  21:04:31 [INFO ] o.h.annotations.common.Version >> 49 >> HCANN000001: Hibernate Commons Annotations {5.1.0.Final}
2020-10-28  21:04:32 [INFO ] c.z.hikari.HikariDataSource >> 110 >> HikariPool-1 - Starting...
2020-10-28  21:04:32 [INFO ] c.z.hikari.HikariDataSource >> 123 >> HikariPool-1 - Start completed.
2020-10-28  21:04:32 [INFO ] org.hibernate.dialect.Dialect >> 172 >> HHH000400: Using dialect: org.hibernate.dialect.MySQL5InnoDBDialect
2020-10-28  21:04:33 [INFO ] o.h.e.t.j.p.i.JtaPlatformInitiator >> 52 >> HHH000490: Using JtaPlatform implementation: [org.hibernate.engine.transaction.jta.platform.internal.NoJtaPlatform]
2020-10-28  21:04:33 [INFO ] o.s.o.j.LocalContainerEntityManagerFactoryBean >> 416 >> Initialized JPA EntityManagerFactory for persistence unit 'default'
2020-10-28  21:04:33 [WARN ] o.s.b.a.o.j.JpaBaseConfiguration$JpaWebConfiguration >> 220 >> spring.jpa.open-in-view is enabled by default. Therefore, database queries may be performed during view rendering. Explicitly configure spring.jpa.open-in-view to disable this warning
2020-10-28  21:04:33 [INFO ] s.d.s.w.PropertySourcedRequestMappingHandlerMapping >> 69 >> Mapped URL path [/v2/api-docs] onto method [springfox.documentation.swagger2.web.Swagger2Controller#getDocumentation(String, HttpServletRequest)]
2020-10-28  21:04:33 [INFO ] o.s.s.c.ThreadPoolTaskExecutor >> 181 >> Initializing ExecutorService 'applicationTaskExecutor'
2020-10-28  21:04:33 [INFO ] o.s.s.c.ThreadPoolTaskScheduler >> 181 >> Initializing ExecutorService 'taskScheduler'
2020-10-28  21:04:33 [INFO ] s.d.s.w.p.DocumentationPluginsBootstrapper >> 147 >> Context refreshed
2020-10-28  21:04:33 [INFO ] s.d.s.w.p.DocumentationPluginsBootstrapper >> 150 >> Found 1 custom documentation plugin(s)
2020-10-28  21:04:33 [INFO ] s.d.s.w.s.ApiListingReferenceScanner >> 41 >> Scanning for api listing references
2020-10-28  21:04:34 [INFO ] s.d.s.w.r.o.CachingOperationNameGenerator >> 40 >> Generating unique operation named: findAllUsingGET_1
2020-10-28  21:04:34 [INFO ] o.a.c.http11.Http11NioProtocol >> 173 >> Starting ProtocolHandler ["http-nio-8080"]
2020-10-28  21:04:34 [INFO ] o.s.b.w.e.t.TomcatWebServer >> 204 >> Tomcat started on port(s): 8080 (http) with context path ''
2020-10-28  21:04:34 [INFO ] org.game.App >> 61 >> Started App in 3.972 seconds (JVM running for 4.85)
2020-10-28  21:04:34 [ERROR] o.g.scheduleds.GameScheduled >> 43 >> STARTING! NEW GAME!
2020-10-28  21:05:11 [INFO ] o.a.c.c.C.[.[localhost].[/] >> 173 >> Initializing Spring DispatcherServlet 'dispatcherServlet'
2020-10-28  21:05:11 [INFO ] o.s.w.s.DispatcherServlet >> 525 >> Initializing Servlet 'dispatcherServlet'
2020-10-28  21:05:11 [INFO ] o.s.w.s.DispatcherServlet >> 547 >> Completed initialization in 4 ms
2020-10-28  21:05:11 [ERROR] o.game.filter.JudgeZuulRequest >> 54 >> path : /swagger-ui.html
2020-10-28  21:05:11 [ERROR] o.game.filter.JudgeZuulRequest >> 54 >> path : /webjars/springfox-swagger-ui/css/typography.css
2020-10-28  21:05:11 [ERROR] o.game.filter.JudgeZuulRequest >> 54 >> path : /webjars/springfox-swagger-ui/css/reset.css
2020-10-28  21:05:11 [ERROR] o.game.filter.JudgeZuulRequest >> 54 >> path : /webjars/springfox-swagger-ui/css/screen.css
2020-10-28  21:05:11 [ERROR] o.game.filter.JudgeZuulRequest >> 54 >> path : /webjars/springfox-swagger-ui/lib/jquery.slideto.min.js
2020-10-28  21:05:11 [ERROR] o.game.filter.JudgeZuulRequest >> 54 >> path : /webjars/springfox-swagger-ui/lib/object-assign-pollyfill.js
2020-10-28  21:05:11 [ERROR] o.game.filter.JudgeZuulRequest >> 54 >> path : /webjars/springfox-swagger-ui/lib/jquery-1.8.0.min.js
2020-10-28  21:05:11 [ERROR] o.game.filter.JudgeZuulRequest >> 54 >> path : /webjars/springfox-swagger-ui/lib/jquery.wiggle.min.js
2020-10-28  21:05:11 [ERROR] o.game.filter.JudgeZuulRequest >> 54 >> path : /webjars/springfox-swagger-ui/lib/jquery.ba-bbq.min.js
2020-10-28  21:05:11 [ERROR] o.game.filter.JudgeZuulRequest >> 54 >> path : /webjars/springfox-swagger-ui/lib/handlebars-4.0.5.js
2020-10-28  21:05:11 [ERROR] o.game.filter.JudgeZuulRequest >> 54 >> path : /webjars/springfox-swagger-ui/lib/lodash.min.js
2020-10-28  21:05:11 [ERROR] o.game.filter.JudgeZuulRequest >> 54 >> path : /webjars/springfox-swagger-ui/lib/backbone-min.js
2020-10-28  21:05:11 [ERROR] o.game.filter.JudgeZuulRequest >> 54 >> path : /webjars/springfox-swagger-ui/swagger-ui.min.js
2020-10-28  21:05:11 [ERROR] o.game.filter.JudgeZuulRequest >> 54 >> path : /webjars/springfox-swagger-ui/lib/highlight.9.1.0.pack.js
2020-10-28  21:05:11 [ERROR] o.game.filter.JudgeZuulRequest >> 54 >> path : /webjars/springfox-swagger-ui/lib/highlight.9.1.0.pack_extended.js
2020-10-28  21:05:11 [ERROR] o.game.filter.JudgeZuulRequest >> 54 >> path : /webjars/springfox-swagger-ui/lib/jsoneditor.min.js
2020-10-28  21:05:11 [ERROR] o.game.filter.JudgeZuulRequest >> 54 >> path : /webjars/springfox-swagger-ui/lib/marked.js
2020-10-28  21:05:11 [ERROR] o.game.filter.JudgeZuulRequest >> 54 >> path : /webjars/springfox-swagger-ui/lib/swagger-oauth.js
2020-10-28  21:05:11 [ERROR] o.game.filter.JudgeZuulRequest >> 54 >> path : /webjars/springfox-swagger-ui/springfox.js
2020-10-28  21:05:11 [ERROR] o.game.filter.JudgeZuulRequest >> 54 >> path : /webjars/springfox-swagger-ui/images/logo_small.png
2020-10-28  21:05:11 [ERROR] o.game.filter.JudgeZuulRequest >> 54 >> path : /webjars/springfox-swagger-ui/css/print.css
2020-10-28  21:05:11 [ERROR] o.game.filter.JudgeZuulRequest >> 54 >> path : /swagger-resources/configuration/ui
2020-10-28  21:05:11 [ERROR] o.game.filter.JudgeZuulRequest >> 54 >> path : /swagger-resources
2020-10-28  21:05:11 [ERROR] o.game.filter.JudgeZuulRequest >> 54 >> path : /webjars/springfox-swagger-ui/images/favicon-32x32.png
2020-10-28  21:05:11 [ERROR] o.game.filter.JudgeZuulRequest >> 54 >> path : /v2/api-docs
2020-10-28  21:05:11 [ERROR] o.game.filter.JudgeZuulRequest >> 54 >> path : /swagger-resources/configuration/security
2020-10-28  21:05:29 [ERROR] o.game.filter.JudgeZuulRequest >> 54 >> path : /webjars/springfox-swagger-ui/images/throbber.gif
2020-10-28  21:05:29 [ERROR] o.game.filter.JudgeZuulRequest >> 54 >> path : /user/login
2020-10-28  21:05:43 [ERROR] o.game.filter.JudgeZuulRequest >> 54 >> path : /v2/api-docs
2020-10-28  21:05:43 [ERROR] o.game.filter.JudgeZuulRequest >> 54 >> path : /swagger-resources/configuration/security
2020-10-28  21:05:56 [ERROR] o.game.filter.JudgeZuulRequest >> 54 >> path : /yh/getMoney
2020-10-28  21:06:26 [ERROR] o.game.filter.JudgeZuulRequest >> 54 >> path : /yh/getMoney
2020-10-28  21:06:39 [ERROR] org.game.service.GameService >> 261 >> [GAME] Game(id=10003991, startTime=1603890274273, endTime=1603890424273, reTime=24, winNum=null, jackpot=0, number=null, numbers=null, winMoney=null)
2020-10-28  21:06:39 [ERROR] org.game.service.GameService >> 262 >> [ylMap] {0=0.0, 1=0.0, 2=0.0, 3=0.0, 4=0.0, 5=0.0, 6=0.0, 7=0.0, 8=0.0, 9=0.0, 10=0.0, 11=0.0, 12=0.0, 13=0.0, 14=0.0, 15=0.0, 16=0.0, 17=0.0, 18=0.0, 19=0.0, 20=0.0, 21=0.0, 22=0.0, 23=0.0, 24=0.0, 25=0.0, 26=0.0, 27=0.0}
2020-10-28  21:06:39 [ERROR] org.game.service.GameService >> 263 >> [jeMap] {0=0, 1=0, 2=0, 3=0, 4=0, 5=0, 6=0, 7=0, 8=0, 9=0, 10=0, 11=0, 12=0, 13=0, 14=0, 15=0, 16=0, 17=0, 18=0, 19=0, 20=0, 21=0, 22=0, 23=0, 24=0, 25=0, 26=0, 27=0}
2020-10-28  21:06:39 [ERROR] org.game.service.GameService >> 264 >> [betMap] {}
2020-10-28  21:06:39 [ERROR] org.game.service.GameService >> 265 >> [returnMap] {0=0.0, 1=0.0, 2=0.0, 3=0.0, 4=0.0, 5=0.0, 6=0.0, 7=0.0, 8=0.0, 9=0.0, 10=0.0, 11=0.0, 12=0.0, 13=0.0, 14=0.0, 15=0.0, 16=0.0, 17=0.0, 18=0.0, 19=0.0, 20=0.0, 21=0.0, 22=0.0, 23=0.0, 24=0.0, 25=0.0, 26=0.0, 27=0.0}
2020-10-28  21:06:54 [ERROR] org.game.service.GameService >> 269 >> END!!!  1
2020-10-28  21:06:54 [ERROR] org.game.service.GameService >> 270 >> 【GAMEID】  10003991
2020-10-28  21:07:04 [ERROR] o.g.scheduleds.GameScheduled >> 43 >> STARTING! NEW GAME!
2020-10-28  21:07:09 [INFO ] o.s.s.c.ThreadPoolTaskScheduler >> 218 >> Shutting down ExecutorService 'taskScheduler'
2020-10-28  21:07:09 [INFO ] o.s.s.c.ThreadPoolTaskExecutor >> 218 >> Shutting down ExecutorService 'applicationTaskExecutor'
2020-10-28  21:07:09 [INFO ] o.s.o.j.LocalContainerEntityManagerFactoryBean >> 598 >> Closing JPA EntityManagerFactory for persistence unit 'default'
2020-10-28  21:07:09 [INFO ] c.z.hikari.HikariDataSource >> 350 >> HikariPool-1 - Shutdown initiated...
2020-10-28  21:07:09 [INFO ] c.z.hikari.HikariDataSource >> 352 >> HikariPool-1 - Shutdown completed.
