2020-10-28  21:04:04 [ERROR] o.g.scheduleds.GameScheduled >> 43 >> STARTING! NEW GAME!
2020-10-28  21:04:34 [ERROR] o.g.scheduleds.GameScheduled >> 43 >> STARTING! NEW GAME!
2020-10-28  21:05:11 [ERROR] o.game.filter.JudgeZuulRequest >> 54 >> path : /swagger-ui.html
2020-10-28  21:05:11 [ERROR] o.game.filter.JudgeZuulRequest >> 54 >> path : /webjars/springfox-swagger-ui/css/typography.css
2020-10-28  21:05:11 [ERROR] o.game.filter.JudgeZuulRequest >> 54 >> path : /webjars/springfox-swagger-ui/css/reset.css
2020-10-28  21:05:11 [ERROR] o.game.filter.JudgeZuulRequest >> 54 >> path : /webjars/springfox-swagger-ui/css/screen.css
2020-10-28  21:05:11 [ERROR] o.game.filter.JudgeZuulRequest >> 54 >> path : /webjars/springfox-swagger-ui/lib/jquery.slideto.min.js
2020-10-28  21:05:11 [ERROR] o.game.filter.JudgeZuulRequest >> 54 >> path : /webjars/springfox-swagger-ui/lib/object-assign-pollyfill.js
2020-10-28  21:05:11 [ERROR] o.game.filter.JudgeZuulRequest >> 54 >> path : /webjars/springfox-swagger-ui/lib/jquery-1.8.0.min.js
2020-10-28  21:05:11 [ERROR] o.game.filter.JudgeZuulRequest >> 54 >> path : /webjars/springfox-swagger-ui/lib/jquery.wiggle.min.js
2020-10-28  21:05:11 [ERROR] o.game.filter.JudgeZuulRequest >> 54 >> path : /webjars/springfox-swagger-ui/lib/jquery.ba-bbq.min.js
2020-10-28  21:05:11 [ERROR] o.game.filter.JudgeZuulRequest >> 54 >> path : /webjars/springfox-swagger-ui/lib/handlebars-4.0.5.js
2020-10-28  21:05:11 [ERROR] o.game.filter.JudgeZuulRequest >> 54 >> path : /webjars/springfox-swagger-ui/lib/lodash.min.js
2020-10-28  21:05:11 [ERROR] o.game.filter.JudgeZuulRequest >> 54 >> path : /webjars/springfox-swagger-ui/lib/backbone-min.js
2020-10-28  21:05:11 [ERROR] o.game.filter.JudgeZuulRequest >> 54 >> path : /webjars/springfox-swagger-ui/swagger-ui.min.js
2020-10-28  21:05:11 [ERROR] o.game.filter.JudgeZuulRequest >> 54 >> path : /webjars/springfox-swagger-ui/lib/highlight.9.1.0.pack.js
2020-10-28  21:05:11 [ERROR] o.game.filter.JudgeZuulRequest >> 54 >> path : /webjars/springfox-swagger-ui/lib/highlight.9.1.0.pack_extended.js
2020-10-28  21:05:11 [ERROR] o.game.filter.JudgeZuulRequest >> 54 >> path : /webjars/springfox-swagger-ui/lib/jsoneditor.min.js
2020-10-28  21:05:11 [ERROR] o.game.filter.JudgeZuulRequest >> 54 >> path : /webjars/springfox-swagger-ui/lib/marked.js
2020-10-28  21:05:11 [ERROR] o.game.filter.JudgeZuulRequest >> 54 >> path : /webjars/springfox-swagger-ui/lib/swagger-oauth.js
2020-10-28  21:05:11 [ERROR] o.game.filter.JudgeZuulRequest >> 54 >> path : /webjars/springfox-swagger-ui/springfox.js
2020-10-28  21:05:11 [ERROR] o.game.filter.JudgeZuulRequest >> 54 >> path : /webjars/springfox-swagger-ui/images/logo_small.png
2020-10-28  21:05:11 [ERROR] o.game.filter.JudgeZuulRequest >> 54 >> path : /webjars/springfox-swagger-ui/css/print.css
2020-10-28  21:05:11 [ERROR] o.game.filter.JudgeZuulRequest >> 54 >> path : /swagger-resources/configuration/ui
2020-10-28  21:05:11 [ERROR] o.game.filter.JudgeZuulRequest >> 54 >> path : /swagger-resources
2020-10-28  21:05:11 [ERROR] o.game.filter.JudgeZuulRequest >> 54 >> path : /webjars/springfox-swagger-ui/images/favicon-32x32.png
2020-10-28  21:05:11 [ERROR] o.game.filter.JudgeZuulRequest >> 54 >> path : /v2/api-docs
2020-10-28  21:05:11 [ERROR] o.game.filter.JudgeZuulRequest >> 54 >> path : /swagger-resources/configuration/security
2020-10-28  21:05:29 [ERROR] o.game.filter.JudgeZuulRequest >> 54 >> path : /webjars/springfox-swagger-ui/images/throbber.gif
2020-10-28  21:05:29 [ERROR] o.game.filter.JudgeZuulRequest >> 54 >> path : /user/login
2020-10-28  21:05:43 [ERROR] o.game.filter.JudgeZuulRequest >> 54 >> path : /v2/api-docs
2020-10-28  21:05:43 [ERROR] o.game.filter.JudgeZuulRequest >> 54 >> path : /swagger-resources/configuration/security
2020-10-28  21:05:56 [ERROR] o.game.filter.JudgeZuulRequest >> 54 >> path : /yh/getMoney
2020-10-28  21:06:26 [ERROR] o.game.filter.JudgeZuulRequest >> 54 >> path : /yh/getMoney
2020-10-28  21:06:39 [ERROR] org.game.service.GameService >> 261 >> [GAME] Game(id=10003991, startTime=1603890274273, endTime=1603890424273, reTime=24, winNum=null, jackpot=0, number=null, numbers=null, winMoney=null)
2020-10-28  21:06:39 [ERROR] org.game.service.GameService >> 262 >> [ylMap] {0=0.0, 1=0.0, 2=0.0, 3=0.0, 4=0.0, 5=0.0, 6=0.0, 7=0.0, 8=0.0, 9=0.0, 10=0.0, 11=0.0, 12=0.0, 13=0.0, 14=0.0, 15=0.0, 16=0.0, 17=0.0, 18=0.0, 19=0.0, 20=0.0, 21=0.0, 22=0.0, 23=0.0, 24=0.0, 25=0.0, 26=0.0, 27=0.0}
2020-10-28  21:06:39 [ERROR] org.game.service.GameService >> 263 >> [jeMap] {0=0, 1=0, 2=0, 3=0, 4=0, 5=0, 6=0, 7=0, 8=0, 9=0, 10=0, 11=0, 12=0, 13=0, 14=0, 15=0, 16=0, 17=0, 18=0, 19=0, 20=0, 21=0, 22=0, 23=0, 24=0, 25=0, 26=0, 27=0}
2020-10-28  21:06:39 [ERROR] org.game.service.GameService >> 264 >> [betMap] {}
2020-10-28  21:06:39 [ERROR] org.game.service.GameService >> 265 >> [returnMap] {0=0.0, 1=0.0, 2=0.0, 3=0.0, 4=0.0, 5=0.0, 6=0.0, 7=0.0, 8=0.0, 9=0.0, 10=0.0, 11=0.0, 12=0.0, 13=0.0, 14=0.0, 15=0.0, 16=0.0, 17=0.0, 18=0.0, 19=0.0, 20=0.0, 21=0.0, 22=0.0, 23=0.0, 24=0.0, 25=0.0, 26=0.0, 27=0.0}
2020-10-28  21:06:54 [ERROR] org.game.service.GameService >> 269 >> END!!!  1
2020-10-28  21:06:54 [ERROR] org.game.service.GameService >> 270 >> 【GAMEID】  10003991
2020-10-28  21:07:04 [ERROR] o.g.scheduleds.GameScheduled >> 43 >> STARTING! NEW GAME!
